[debug] [2019-04-30T07:49:35.953Z] ----------------------------------------------------------------------
[debug] [2019-04-30T07:49:35.958Z] Command:       /Users/ashneeldas/.nvm/versions/node/v8.9.0/bin/node /Users/ashneeldas/.nvm/versions/node/v8.9.0/bin/firebase serve --only functions
[debug] [2019-04-30T07:49:35.958Z] CLI Version:   6.7.1
[debug] [2019-04-30T07:49:35.958Z] Platform:      darwin
[debug] [2019-04-30T07:49:35.958Z] Node Version:  v8.9.0
[debug] [2019-04-30T07:49:35.959Z] Time:          Tue Apr 30 2019 03:49:35 GMT-0400 (EDT)
[debug] [2019-04-30T07:49:35.960Z] ----------------------------------------------------------------------
[debug] 
[debug] [2019-04-30T07:49:35.988Z] > command requires scopes: ["email","openid","https://www.googleapis.com/auth/cloudplatformprojects.readonly","https://www.googleapis.com/auth/firebase","https://www.googleapis.com/auth/cloud-platform"]
[debug] [2019-04-30T07:49:35.988Z] > authorizing via signed-in user
[debug] [2019-04-30T07:49:35.988Z] [iam] checking project testing-gym-data for permissions ["firebase.projects.get"]
[debug] [2019-04-30T07:49:35.990Z] >>> HTTP REQUEST POST https://cloudresourcemanager.googleapis.com/v1/projects/testing-gym-data:testIamPermissions  

[debug] [2019-04-30T07:49:36.338Z] <<< HTTP RESPONSE 200
[debug] [2019-04-30T07:49:36.341Z] >>> HTTP REQUEST GET https://cloudresourcemanager.googleapis.com/v1/projects/testing-gym-data  
 
[debug] [2019-04-30T07:49:36.605Z] <<< HTTP RESPONSE 200
[info] 
[info] === Serving from '/Users/ashneeldas/Documents/temp/flux-fitness/functions'...
[info] 
[debug] [2019-04-30T07:49:36.716Z] TypeError: Path must be a string. Received undefined
    at assertPath (path.js:28:11)
    at Object.join (path.js:1251:7)
    at FunctionsEmulator.start (/Users/ashneeldas/.nvm/versions/node/v8.9.0/lib/node_modules/firebase-tools/lib/functionsEmulator.js:88:29)
    at Object.start (/Users/ashneeldas/.nvm/versions/node/v8.9.0/lib/node_modules/firebase-tools/lib/serve/functions.js:7:33)
    at /Users/ashneeldas/.nvm/versions/node/v8.9.0/lib/node_modules/firebase-tools/lib/serve/index.js:15:23
    at arrayMap (/Users/ashneeldas/.nvm/versions/node/v8.9.0/lib/node_modules/firebase-tools/node_modules/lodash/lodash.js:639:23)
    at Function.map (/Users/ashneeldas/.nvm/versions/node/v8.9.0/lib/node_modules/firebase-tools/node_modules/lodash/lodash.js:9556:14)
    at _serve (/Users/ashneeldas/.nvm/versions/node/v8.9.0/lib/node_modules/firebase-tools/lib/serve/index.js:13:26)
    at Command.module.exports.Command.description.option.option.option.option.before.action [as _action] (/Users/ashneeldas/.nvm/versions/node/v8.9.0/lib/node_modules/firebase-tools/lib/commands/serve.js:55:12)
    at /Users/ashneeldas/.nvm/versions/node/v8.9.0/lib/node_modules/firebase-tools/lib/command.js:163:37
[error] 
[error] Error: An unexpected error has occurred.
[debug] [2019-04-30T07:50:06.305Z] ----------------------------------------------------------------------
[debug] [2019-04-30T07:50:06.313Z] Command:       /Users/ashneeldas/.nvm/versions/node/v8.9.0/bin/node /Users/ashneeldas/.nvm/versions/node/v8.9.0/bin/firebase deploy --only functions
[debug] [2019-04-30T07:50:06.313Z] CLI Version:   6.7.1
[debug] [2019-04-30T07:50:06.313Z] Platform:      darwin
[debug] [2019-04-30T07:50:06.313Z] Node Version:  v8.9.0
[debug] [2019-04-30T07:50:06.314Z] Time:          Tue Apr 30 2019 03:50:06 GMT-0400 (EDT)
[debug] [2019-04-30T07:50:06.315Z] ----------------------------------------------------------------------
[debug] 
[debug] [2019-04-30T07:50:06.354Z] > command requires scopes: ["email","openid","https://www.googleapis.com/auth/cloudplatformprojects.readonly","https://www.googleapis.com/auth/firebase","https://www.googleapis.com/auth/cloud-platform"]
[debug] [2019-04-30T07:50:06.355Z] > authorizing via signed-in user
[debug] [2019-04-30T07:50:06.355Z] [iam] checking project testing-gym-data for permissions ["cloudfunctions.functions.create","cloudfunctions.functions.delete","cloudfunctions.functions.get","cloudfunctions.functions.list","cloudfunctions.functions.update","cloudfunctions.operations.get","firebase.projects.get"]
[debug] [2019-04-30T07:50:06.360Z] >>> HTTP REQUEST POST https://cloudresourcemanager.googleapis.com/v1/projects/testing-gym-data:testIamPermissions  

[debug] [2019-04-30T07:50:06.836Z] <<< HTTP RESPONSE 200
[info] 
[info] === Deploying to 'testing-gym-data'...
[info] 
[info] i  deploying functions
[debug] [2019-04-30T07:50:06.954Z] TypeError: Path must be a string. Received undefined
    at assertPath (path.js:28:11)
    at Object.join (path.js:1251:7)
    at Config.path (/Users/ashneeldas/.nvm/versions/node/v8.9.0/lib/node_modules/firebase-tools/lib/config.js:142:39)
    at getChildEnvironment (/Users/ashneeldas/.nvm/versions/node/v8.9.0/lib/node_modules/firebase-tools/lib/deploy/lifecycleHooks.js:50:49)
    at runTargetCommands (/Users/ashneeldas/.nvm/versions/node/v8.9.0/lib/node_modules/firebase-tools/lib/deploy/lifecycleHooks.js:71:14)
    at /Users/ashneeldas/.nvm/versions/node/v8.9.0/lib/node_modules/firebase-tools/lib/deploy/lifecycleHooks.js:122:24
    at <anonymous>
    at process._tickDomainCallback (internal/process/next_tick.js:228:7)
[error] 
[error] Error: An unexpected error has occurred.
